<?xml version="1.0" encoding="UTF-8"?>
<!-- Generated by org.testng.reporters.JUnitXMLReporter -->
<testsuite ignored="20" hostname="DESKTOP-PPS1TL0" failures="0" tests="1" name="Default test" time="12.279" errors="0" timestamp="2023-12-17T23:37:21 EST">
  <testcase classname="pagesTest.HomePageTest" name="use_of_getCurrentURL_method" time="5.55"/>
  <testcase classname="pagesTest.HomePageTest" name="cssSelector_as_locator_in_sign_In_button" time="0.0">
    <ignored/>
  </testcase> <!-- cssSelector_as_locator_in_sign_In_button -->
  <testcase classname="pagesTest.HomePageTest" name="use_of_partialLinkText_as_locator_in_Notice_of_Practices_hyperlink" time="0.0">
    <ignored/>
  </testcase> <!-- use_of_partialLinkText_as_locator_in_Notice_of_Practices_hyperlink -->
  <testcase classname="pagesTest.HomePageTest" name="getCurrentMethod" time="0.0">
    <ignored/>
  </testcase> <!-- getCurrentMethod -->
  <testcase classname="pagesTest.HomePageTest" name="clearMethod" time="0.0">
    <ignored/>
  </testcase> <!-- clearMethod -->
  <testcase classname="pagesTest.HomePageTest" name="use_of_isEnabled_in_sign_button" time="0.0">
    <ignored/>
  </testcase> <!-- use_of_isEnabled_in_sign_button -->
  <testcase classname="pagesTest.HomePageTest" name="use_cssSelector_as_locator_in_logo" time="0.0">
    <ignored/>
  </testcase> <!-- use_cssSelector_as_locator_in_logo -->
  <testcase classname="pagesTest.HomePageTest" name="gettext" time="0.0">
    <ignored/>
  </testcase> <!-- gettext -->
  <testcase classname="pagesTest.HomePageTest" name="use_of_isDisplayed_in_FAQS_" time="0.0">
    <ignored/>
  </testcase> <!-- use_of_isDisplayed_in_FAQS_ -->
  <testcase classname="pagesTest.HomePageTest" name="use_of_isSelected_in_check_box" time="0.0">
    <ignored/>
  </testcase> <!-- use_of_isSelected_in_check_box -->
  <testcase classname="pagesTest.HomePageTest" name="clickLogo" time="0.0">
    <ignored/>
  </testcase> <!-- clickLogo -->
  <testcase classname="pagesTest.HomePageTest" name="use_of_xpath_as_locator_Chat_Now_button" time="0.0">
    <ignored/>
  </testcase> <!-- use_of_xpath_as_locator_Chat_Now_button -->
  <testcase classname="pagesTest.HomePageTest" name="logoDisplayedTest02" time="0.0">
    <ignored/>
  </testcase> <!-- logoDisplayedTest02 -->
  <testcase classname="pagesTest.HomePageTest" name="inputTextInUserIdFieldTest" time="0.0">
    <ignored/>
  </testcase> <!-- inputTextInUserIdFieldTest -->
  <testcase classname="pagesTest.HomePageTest" name="use_of_sendKeys_method" time="0.0">
    <ignored/>
  </testcase> <!-- use_of_sendKeys_method -->
  <testcase classname="pagesTest.HomePageTest" name="use_of_navigate_method" time="0.0">
    <ignored/>
  </testcase> <!-- use_of_navigate_method -->
  <testcase classname="pagesTest.HomePageTest" name="clickLoginButtonTest" time="0.0">
    <ignored/>
  </testcase> <!-- clickLoginButtonTest -->
  <testcase classname="pagesTest.HomePageTest" name="use_of_linkText_as_locator_in_FAQs_hyperlink" time="0.0">
    <ignored/>
  </testcase> <!-- use_of_linkText_as_locator_in_FAQs_hyperlink -->
  <testcase classname="pagesTest.HomePageTest" name="use_of_sendKeys_method_then_click_by_returnKey" time="0.0">
    <ignored/>
  </testcase> <!-- use_of_sendKeys_method_then_click_by_returnKey -->
  <testcase classname="pagesTest.HomePageTest" name="clickUserId" time="0.0">
    <ignored/>
  </testcase> <!-- clickUserId -->
  <testcase classname="pagesTest.HomePageTest" name="clickForgotUserIdTest" time="0.0">
    <ignored/>
  </testcase> <!-- clickForgotUserIdTest -->
</testsuite> <!-- Default test -->
