<?xml version="1.0" encoding="UTF-8"?>
<!-- Generated by org.testng.reporters.JUnitXMLReporter -->
<testsuite ignored="12" hostname="DESKTOP-PPS1TL0" failures="0" tests="1" name="Default test" time="9.69" errors="0" timestamp="2023-11-23T00:23:45 EST">
  <testcase classname="pagesTest.HomePageTest" name="use_of_isSelected_in_check_box" time="5.311"/>
  <testcase classname="pagesTest.HomePageTest" name="use_of_isDisplayed_in_FAQS_" time="0.0">
    <ignored/>
  </testcase> <!-- use_of_isDisplayed_in_FAQS_ -->
  <testcase classname="pagesTest.HomePageTest" name="clickLoginButtonTest" time="0.0">
    <ignored/>
  </testcase> <!-- clickLoginButtonTest -->
  <testcase classname="pagesTest.HomePageTest" name="clickLogo" time="0.0">
    <ignored/>
  </testcase> <!-- clickLogo -->
  <testcase classname="pagesTest.HomePageTest" name="inputTextInUserIdFieldTest" time="0.0">
    <ignored/>
  </testcase> <!-- inputTextInUserIdFieldTest -->
  <testcase classname="pagesTest.HomePageTest" name="use_cssSelector_as_locator_in_logo" time="0.0">
    <ignored/>
  </testcase> <!-- use_cssSelector_as_locator_in_logo -->
  <testcase classname="pagesTest.HomePageTest" name="clickUserId" time="0.0">
    <ignored/>
  </testcase> <!-- clickUserId -->
  <testcase classname="pagesTest.HomePageTest" name="cssSelector_as_locator_in_sign_In_button" time="0.0">
    <ignored/>
  </testcase> <!-- cssSelector_as_locator_in_sign_In_button -->
  <testcase classname="pagesTest.HomePageTest" name="use_of_partialLinkText_as_locator_in_Notice_of_Practices_hyperlink" time="0.0">
    <ignored/>
  </testcase> <!-- use_of_partialLinkText_as_locator_in_Notice_of_Practices_hyperlink -->
  <testcase classname="pagesTest.HomePageTest" name="use_of_linkText_as_locator_in_FAQs_hyperlink" time="0.0">
    <ignored/>
  </testcase> <!-- use_of_linkText_as_locator_in_FAQs_hyperlink -->
  <testcase classname="pagesTest.HomePageTest" name="clickForgotUserIdTest" time="0.0">
    <ignored/>
  </testcase> <!-- clickForgotUserIdTest -->
  <testcase classname="pagesTest.HomePageTest" name="use_of_xpath_as_locator_Chat_Now_button" time="0.0">
    <ignored/>
  </testcase> <!-- use_of_xpath_as_locator_Chat_Now_button -->
  <testcase classname="pagesTest.HomePageTest" name="use_of_isEnabled_in_sign_button" time="0.0">
    <ignored/>
  </testcase> <!-- use_of_isEnabled_in_sign_button -->
</testsuite> <!-- Default test -->
