<?xml version="1.0" encoding="UTF-8"?>
<testng-results ignored="23" total="24" passed="1" failed="0" skipped="0">
  <reporter-output>
  </reporter-output>
  <suite started-at="2023-12-17T23:21:53 EST" name="Surefire suite" finished-at="2023-12-17T23:22:11 EST" duration-ms="18299">
    <groups>
    </groups>
    <test started-at="2023-12-17T23:21:53 EST" name="Surefire test" finished-at="2023-12-17T23:22:11 EST" duration-ms="18299">
      <class name="pagesTest.HomePageTest">
        <test-method is-config="true" signature="setUP()[pri:0, instance:pagesTest.HomePageTest@5dd6264]" started-at="2023-12-17T23:21:53 EST" name="setUP" finished-at="2023-12-17T23:21:56 EST" duration-ms="2903" status="PASS">
          <reporter-output>
          </reporter-output>
        </test-method> <!-- setUP -->
        <test-method signature="mouseHoverActionOnAboutUs1()[pri:0, instance:pagesTest.HomePageTest@5dd6264]" started-at="2023-12-17T23:21:56 EST" name="mouseHoverActionOnAboutUs1" finished-at="2023-12-17T23:22:11 EST" duration-ms="14970" status="PASS">
          <reporter-output>
          </reporter-output>
        </test-method> <!-- mouseHoverActionOnAboutUs1 -->
        <test-method is-config="true" signature="tearUp()[pri:0, instance:pagesTest.HomePageTest@5dd6264]" started-at="2023-12-17T23:22:11 EST" name="tearUp" finished-at="2023-12-17T23:22:11 EST" duration-ms="409" status="PASS">
          <reporter-output>
          </reporter-output>
        </test-method> <!-- tearUp -->
      </class> <!-- pagesTest.HomePageTest -->
    </test> <!-- Surefire test -->
  </suite> <!-- Surefire suite -->
</testng-results>
