<?xml version="1.0" encoding="UTF-8"?>
<testng-results ignored="0" total="1" passed="1" failed="0" skipped="0">
  <reporter-output>
  </reporter-output>
  <suite started-at="2023-11-21T23:02:04 EST" name="Default suite" finished-at="2023-11-21T23:02:12 EST" duration-ms="7978">
    <groups>
    </groups>
    <test started-at="2023-11-21T23:02:04 EST" name="Default test" finished-at="2023-11-21T23:02:12 EST" duration-ms="7978">
      <class name="pagesTest.HomePageTest">
        <test-method is-config="true" signature="setUP()[pri:0, instance:pagesTest.HomePageTest@4ec4f3a0]" started-at="2023-11-21T23:02:04 EST" name="setUP" finished-at="2023-11-21T23:02:07 EST" duration-ms="2878" status="PASS">
          <reporter-output>
          </reporter-output>
        </test-method> <!-- setUP -->
        <test-method signature="clickLoginButtonTest()[pri:2, instance:pagesTest.HomePageTest@4ec4f3a0]" started-at="2023-11-21T23:02:07 EST" name="clickLoginButtonTest" finished-at="2023-11-21T23:02:12 EST" duration-ms="5040" status="PASS">
          <reporter-output>
          </reporter-output>
        </test-method> <!-- clickLoginButtonTest -->
        <test-method is-config="true" signature="tearUp()[pri:0, instance:pagesTest.HomePageTest@4ec4f3a0]" started-at="2023-11-21T23:02:12 EST" name="tearUp" finished-at="2023-11-21T23:02:12 EST" duration-ms="46" status="PASS">
          <reporter-output>
          </reporter-output>
        </test-method> <!-- tearUp -->
      </class> <!-- pagesTest.HomePageTest -->
    </test> <!-- Default test -->
  </suite> <!-- Default suite -->
</testng-results>
