<?xml version="1.0" encoding="UTF-8"?>
<testng-results ignored="24" total="25" passed="1" failed="0" skipped="0">
  <reporter-output>
  </reporter-output>
  <suite started-at="2023-12-17T23:14:22 EST" name="Default suite" finished-at="2023-12-17T23:14:41 EST" duration-ms="18788">
    <groups>
    </groups>
    <test started-at="2023-12-17T23:14:22 EST" name="Default test" finished-at="2023-12-17T23:14:41 EST" duration-ms="18788">
      <class name="pagesTest.HomePageTest">
        <test-method is-config="true" signature="setUP()[pri:0, instance:pagesTest.HomePageTest@765d7657]" started-at="2023-12-17T23:14:22 EST" name="setUP" finished-at="2023-12-17T23:14:25 EST" duration-ms="2950" status="PASS">
          <reporter-output>
          </reporter-output>
        </test-method> <!-- setUP -->
        <test-method signature="mouseHoverActionOnAboutUs1()[pri:0, instance:pagesTest.HomePageTest@765d7657]" started-at="2023-12-17T23:14:25 EST" name="mouseHoverActionOnAboutUs1" finished-at="2023-12-17T23:14:40 EST" duration-ms="15281" status="PASS">
          <reporter-output>
          </reporter-output>
        </test-method> <!-- mouseHoverActionOnAboutUs1 -->
        <test-method is-config="true" signature="tearUp()[pri:0, instance:pagesTest.HomePageTest@765d7657]" started-at="2023-12-17T23:14:40 EST" name="tearUp" finished-at="2023-12-17T23:14:41 EST" duration-ms="535" status="PASS">
          <reporter-output>
          </reporter-output>
        </test-method> <!-- tearUp -->
      </class> <!-- pagesTest.HomePageTest -->
    </test> <!-- Default test -->
  </suite> <!-- Default suite -->
</testng-results>
